Symlinking /home/victor/workspace/thesis_ws/github/rgcnn_pytorch/ros_ws/devel/include/rgcnn_models/voxel_filter_nodeConfig.h
Symlinking /home/victor/workspace/thesis_ws/github/rgcnn_pytorch/ros_ws/devel/include/rgcnn_models/compute_surface_normals_nodeConfig.h
Symlinking /home/victor/workspace/thesis_ws/github/rgcnn_pytorch/ros_ws/devel/include/rgcnn_models/plane_segmentation_nodeConfig.h
Symlinking /home/victor/workspace/thesis_ws/github/rgcnn_pytorch/ros_ws/devel/include/rgcnn_models/compute_volume_nodeConfig.h
Symlinking /home/victor/workspace/thesis_ws/github/rgcnn_pytorch/ros_ws/devel/include/rgcnn_models/passthrough_filter_nodeConfig.h
Symlinking /home/victor/workspace/thesis_ws/github/rgcnn_pytorch/ros_ws/devel/share/rgcnn_models/docs/compute_volume_nodeConfig.wikidoc
Symlinking /home/victor/workspace/thesis_ws/github/rgcnn_pytorch/ros_ws/devel/share/rgcnn_models/docs/compute_volume_nodeConfig.dox
Symlinking /home/victor/workspace/thesis_ws/github/rgcnn_pytorch/ros_ws/devel/share/rgcnn_models/docs/plane_segmentation_nodeConfig.dox
Symlinking /home/victor/workspace/thesis_ws/github/rgcnn_pytorch/ros_ws/devel/share/rgcnn_models/docs/compute_volume_nodeConfig-usage.dox
Symlinking /home/victor/workspace/thesis_ws/github/rgcnn_pytorch/ros_ws/devel/share/rgcnn_models/docs/compute_surface_normals_nodeConfig.dox
Symlinking /home/victor/workspace/thesis_ws/github/rgcnn_pytorch/ros_ws/devel/share/rgcnn_models/docs/passthrough_filter_nodeConfig-usage.dox
Symlinking /home/victor/workspace/thesis_ws/github/rgcnn_pytorch/ros_ws/devel/share/rgcnn_models/docs/compute_surface_normals_nodeConfig.wikidoc
Symlinking /home/victor/workspace/thesis_ws/github/rgcnn_pytorch/ros_ws/devel/share/rgcnn_models/docs/voxel_filter_nodeConfig.dox
Symlinking /home/victor/workspace/thesis_ws/github/rgcnn_pytorch/ros_ws/devel/share/rgcnn_models/docs/plane_segmentation_nodeConfig-usage.dox
Symlinking /home/victor/workspace/thesis_ws/github/rgcnn_pytorch/ros_ws/devel/share/rgcnn_models/docs/passthrough_filter_nodeConfig.wikidoc
Symlinking /home/victor/workspace/thesis_ws/github/rgcnn_pytorch/ros_ws/devel/share/rgcnn_models/docs/passthrough_filter_nodeConfig.dox
Symlinking /home/victor/workspace/thesis_ws/github/rgcnn_pytorch/ros_ws/devel/share/rgcnn_models/docs/compute_surface_normals_nodeConfig-usage.dox
Symlinking /home/victor/workspace/thesis_ws/github/rgcnn_pytorch/ros_ws/devel/share/rgcnn_models/docs/plane_segmentation_nodeConfig.wikidoc
Symlinking /home/victor/workspace/thesis_ws/github/rgcnn_pytorch/ros_ws/devel/share/rgcnn_models/docs/voxel_filter_nodeConfig.wikidoc
Symlinking /home/victor/workspace/thesis_ws/github/rgcnn_pytorch/ros_ws/devel/share/rgcnn_models/docs/voxel_filter_nodeConfig-usage.dox
Symlinking /home/victor/workspace/thesis_ws/github/rgcnn_pytorch/ros_ws/devel/share/rgcnn_models/cmake/rgcnn_modelsConfig.cmake
Symlinking /home/victor/workspace/thesis_ws/github/rgcnn_pytorch/ros_ws/devel/share/rgcnn_models/cmake/rgcnn_modelsConfig-version.cmake
Symlinking /home/victor/workspace/thesis_ws/github/rgcnn_pytorch/ros_ws/devel/lib/rgcnn_models/trianglemesh_node
Symlinking /home/victor/workspace/thesis_ws/github/rgcnn_pytorch/ros_ws/devel/lib/rgcnn_models/remove_floor_node
Symlinking /home/victor/workspace/thesis_ws/github/rgcnn_pytorch/ros_ws/devel/lib/rgcnn_models/voxel_filter_node
Symlinking /home/victor/workspace/thesis_ws/github/rgcnn_pytorch/ros_ws/devel/lib/rgcnn_models/passthrough_filter_node
Symlinking /home/victor/workspace/thesis_ws/github/rgcnn_pytorch/ros_ws/devel/lib/rgcnn_models/compute_surface_normals_node
Symlinking /home/victor/workspace/thesis_ws/github/rgcnn_pytorch/ros_ws/devel/lib/rgcnn_models/plane_segmentation_node
Symlinking /home/victor/workspace/thesis_ws/github/rgcnn_pytorch/ros_ws/devel/lib/pkgconfig/rgcnn_models.pc
Symlinking /home/victor/workspace/thesis_ws/github/rgcnn_pytorch/ros_ws/devel/lib/python2.7/dist-packages/rgcnn_models/__init__.py
Symlinking /home/victor/workspace/thesis_ws/github/rgcnn_pytorch/ros_ws/devel/lib/python2.7/dist-packages/rgcnn_models/cfg/plane_segmentation_nodeConfig.py
Symlinking /home/victor/workspace/thesis_ws/github/rgcnn_pytorch/ros_ws/devel/lib/python2.7/dist-packages/rgcnn_models/cfg/__init__.py
Symlinking /home/victor/workspace/thesis_ws/github/rgcnn_pytorch/ros_ws/devel/lib/python2.7/dist-packages/rgcnn_models/cfg/compute_volume_nodeConfig.py
Symlinking /home/victor/workspace/thesis_ws/github/rgcnn_pytorch/ros_ws/devel/lib/python2.7/dist-packages/rgcnn_models/cfg/voxel_filter_nodeConfig.py
Symlinking /home/victor/workspace/thesis_ws/github/rgcnn_pytorch/ros_ws/devel/lib/python2.7/dist-packages/rgcnn_models/cfg/compute_surface_normals_nodeConfig.py
Symlinking /home/victor/workspace/thesis_ws/github/rgcnn_pytorch/ros_ws/devel/lib/python2.7/dist-packages/rgcnn_models/cfg/passthrough_filter_nodeConfig.py
